<?xml version="1.0" encoding="UTF-8"?>
<!-- Generated by org.testng.reporters.JUnitXMLReporter -->
<testsuite ignored="0" hostname="fv-az985-199" failures="0" tests="6" name="Command line test" time="16.225" errors="0" timestamp="2024-01-24T15:52:21 UTC">
  <testcase classname="io.github.selcukes.testng.SelcukesTestNGRunner" name="runParallelScenario" time="5.204"/>
  <testcase classname="io.github.selcukes.testng.SelcukesTestNGRunner" name="runParallelScenario" time="5.204"/>
  <testcase classname="io.github.selcukes.testng.SelcukesTestNGRunner" name="runParallelScenario" time="5.204"/>
  <testcase classname="io.github.selcukes.testng.SelcukesTestNGRunner" name="runParallelScenario" time="5.203"/>
  <testcase classname="io.github.selcukes.testng.SelcukesTestNGRunner" name="runSerialScenario" time="5.014"/>
  <testcase classname="io.github.selcukes.testng.SelcukesTestNGRunner" name="runSerialScenario" time="5.015"/>
</testsuite> <!-- Command line test -->
