<?xml version="1.0" encoding="UTF-8"?>
<!-- Generated by org.testng.reporters.JUnitXMLReporter -->
<testsuite ignored="0" hostname="fv-az985-199" failures="0" tests="4" name="Command line test" time="1.558" errors="0" timestamp="2024-01-24T15:52:40 UTC">
  <testcase classname="io.github.selcukes.testng.SelcukesTestNGRunner" name="runSerialScenario" time="0.116"/>
  <testcase classname="io.github.selcukes.testng.SelcukesTestNGRunner" name="runSerialScenario" time="0.01"/>
  <testcase classname="io.github.selcukes.testng.SelcukesTestNGRunner" name="runSerialScenario" time="0.008"/>
  <testcase classname="io.github.selcukes.testng.SelcukesTestNGRunner" name="runSerialScenario" time="0.066"/>
</testsuite> <!-- Command line test -->
