<?xml version="1.0" encoding="UTF-8"?>
<!-- Generated by org.testng.reporters.JUnitXMLReporter -->
<testsuite ignored="1" hostname="fv-az985-199" failures="0" tests="8" name="Command line test" time="10.687" errors="0" timestamp="2024-01-24T15:51:27 UTC">
  <testcase classname="io.github.selcukes.tests.WebDriverBinaryTest" name="chromeDriverTest" time="4.484"/>
  <testcase classname="io.github.selcukes.tests.WebDriverBinaryTest" name="disableAutoBrowserVersionCheckTest" time="0.659"/>
  <testcase classname="io.github.selcukes.tests.WebDriverBinaryTest" name="firefoxDriverTest" time="1.046"/>
  <testcase classname="io.github.selcukes.tests.WebDriverBinaryTest" name="ieDriverTest" time="1.34"/>
  <testcase classname="io.github.selcukes.tests.WebDriverBinaryTest" name="operaDriverTest" time="0.852"/>
  <testcase classname="io.github.selcukes.tests.WebDriverBinaryTest" name="reuseDownloadedBinaryTest" time="0.236"/>
  <testcase classname="io.github.selcukes.tests.WebDriverBinaryTest" name="strictDownloadTest" time="0.393"/>
  <testcase classname="io.github.selcukes.tests.WebDriverBinaryTest" name="cleanBinaryCacheTest" time="1.644"/>
  <testcase classname="io.github.selcukes.tests.WebDriverBinaryTest" name="edgeDriverTest" time="0.0">
    <ignored/>
  </testcase> <!-- edgeDriverTest -->
</testsuite> <!-- Command line test -->
