<?xml version="1.0" encoding="UTF-8"?>
<!-- Generated by org.testng.reporters.JUnitXMLReporter -->
<testsuite ignored="0" hostname="fv-az985-199" failures="0" tests="2" name="Command line test" time="3.91" errors="0" timestamp="2024-01-24T15:52:03 UTC">
  <testcase classname="io.github.selcukes.snapshot.tests.NativeSnapshotTest" name="browserTest" time="1.926"/>
  <testcase classname="io.github.selcukes.snapshot.tests.NativeSnapshotTest" name="browserTest" time="1.799"/>
</testsuite> <!-- Command line test -->
