<?xml version="1.0" encoding="UTF-8"?>
<!-- Generated by org.testng.reporters.JUnitReportReporter -->
<testsuite hostname="fv-az985-199" failures="0" tests="2" name="io.github.selcukes.core.tests.web.WebAuthTest" time="0.580" errors="0" timestamp="2024-01-24T15:51:55 UTC" skipped="1">
  <testcase classname="io.github.selcukes.core.tests.web.WebAuthTest" name="testBasicAuth" time="0.580"/>
  <testcase classname="io.github.selcukes.core.tests.web.WebAuthTest" name="testVirtualAuth">
    <skipped/>
  </testcase> <!-- testVirtualAuth -->
</testsuite> <!-- io.github.selcukes.core.tests.web.WebAuthTest -->
