<?xml version="1.0" encoding="UTF-8"?>
<!-- Generated by org.testng.reporters.JUnitReportReporter -->
<testsuite hostname="fv-az985-199" failures="0" tests="3" name="io.github.selcukes.commons.tests.ShellTest" time="3.033" errors="0" timestamp="2024-01-24T15:51:15 UTC" skipped="0">
  <testcase classname="io.github.selcukes.commons.tests.ShellTest" name="testRunCommand" time="1.014"/>
  <testcase classname="io.github.selcukes.commons.tests.ShellTest" name="testRunCommandAsync" time="1.003"/>
  <testcase classname="io.github.selcukes.commons.tests.ShellTest" name="testStartAndKillProcess" time="1.016"/>
</testsuite> <!-- io.github.selcukes.commons.tests.ShellTest -->
