<?xml version="1.0" encoding="UTF-8"?>
<!-- Generated by org.testng.reporters.JUnitReportReporter -->
<testsuite hostname="fv-az985-199" failures="0" tests="12" name="io.github.selcukes.collections.tests.TryTest" time="0.007" errors="0" timestamp="2024-01-24T15:51:03 UTC" skipped="0">
  <testcase classname="io.github.selcukes.collections.tests.TryTest" name="testOfWithNullSupplier" time="0.000"/>
  <testcase classname="io.github.selcukes.collections.tests.TryTest" name="testOfCheckedRunnableAndCheckedSupplier" time="0.000"/>
  <testcase classname="io.github.selcukes.collections.tests.TryTest" name="testFlatMap" time="0.001"/>
  <testcase classname="io.github.selcukes.collections.tests.TryTest" name="testFlatMapWithNullFunction" time="0.000"/>
  <testcase classname="io.github.selcukes.collections.tests.TryTest" name="testFold1" time="0.001"/>
  <testcase classname="io.github.selcukes.collections.tests.TryTest" name="testFold" time="0.001"/>
  <testcase classname="io.github.selcukes.collections.tests.TryTest" name="testIgnore" time="0.001"/>
  <testcase classname="io.github.selcukes.collections.tests.TryTest" name="testCheckedExceptionAs" time="0.001"/>
  <testcase classname="io.github.selcukes.collections.tests.TryTest" name="testAutoCloseable" time="0.001"/>
  <testcase classname="io.github.selcukes.collections.tests.TryTest" name="testRecover" time="0.001"/>
  <testcase classname="io.github.selcukes.collections.tests.TryTest" name="testOfWithCheckedException" time="0.000"/>
  <testcase classname="io.github.selcukes.collections.tests.TryTest" name="testOrElseThrowWithNullExceptionSupplier" time="0.000"/>
</testsuite> <!-- io.github.selcukes.collections.tests.TryTest -->
