<?xml version="1.0" encoding="UTF-8"?>
<!-- Generated by org.testng.reporters.JUnitReportReporter -->
<testsuite hostname="fv-az985-199" failures="0" tests="9" name="io.github.selcukes.tests.WebDriverBinaryTest" time="10.654" errors="0" timestamp="2024-01-24T15:51:27 UTC" skipped="1">
  <testcase classname="io.github.selcukes.tests.WebDriverBinaryTest" name="reuseDownloadedBinaryTest" time="0.236"/>
  <testcase classname="io.github.selcukes.tests.WebDriverBinaryTest" name="chromeDriverTest" time="4.484"/>
  <testcase classname="io.github.selcukes.tests.WebDriverBinaryTest" name="ieDriverTest" time="1.340"/>
  <testcase classname="io.github.selcukes.tests.WebDriverBinaryTest" name="disableAutoBrowserVersionCheckTest" time="0.659"/>
  <testcase classname="io.github.selcukes.tests.WebDriverBinaryTest" name="operaDriverTest" time="0.852"/>
  <testcase classname="io.github.selcukes.tests.WebDriverBinaryTest" name="strictDownloadTest" time="0.393"/>
  <testcase classname="io.github.selcukes.tests.WebDriverBinaryTest" name="firefoxDriverTest" time="1.046"/>
  <testcase classname="io.github.selcukes.tests.WebDriverBinaryTest" name="cleanBinaryCacheTest" time="1.644"/>
  <testcase classname="io.github.selcukes.tests.WebDriverBinaryTest" name="edgeDriverTest">
    <skipped/>
  </testcase> <!-- edgeDriverTest -->
</testsuite> <!-- io.github.selcukes.tests.WebDriverBinaryTest -->
