<?xml version="1.0" encoding="UTF-8"?>
<!-- Generated by org.testng.reporters.JUnitReportReporter -->
<testsuite hostname="fv-az985-199" failures="0" tests="11" name="io.github.selcukes.commons.tests.ConfigTest" time="0.121" errors="0" timestamp="2024-01-24T15:51:15 UTC" skipped="0">
  <testcase classname="io.github.selcukes.commons.tests.ConfigTest" name="configTest3" time="0.009"/>
  <testcase classname="io.github.selcukes.commons.tests.ConfigTest" name="configTest3" time="0.018"/>
  <testcase classname="io.github.selcukes.commons.tests.ConfigTest" name="configTest2" time="0.010"/>
  <testcase classname="io.github.selcukes.commons.tests.ConfigTest" name="configTest2" time="0.028"/>
  <testcase classname="io.github.selcukes.commons.tests.ConfigTest" name="configTest3" time="0.002"/>
  <testcase classname="io.github.selcukes.commons.tests.ConfigTest" name="configTest3" time="0.003"/>
  <testcase classname="io.github.selcukes.commons.tests.ConfigTest" name="configTest" time="0.005"/>
  <testcase classname="io.github.selcukes.commons.tests.ConfigTest" name="configTest2" time="0.009"/>
  <testcase classname="io.github.selcukes.commons.tests.ConfigTest" name="configTest2" time="0.010"/>
  <testcase classname="io.github.selcukes.commons.tests.ConfigTest" name="configTest3" time="0.002"/>
  <testcase classname="io.github.selcukes.commons.tests.ConfigTest" name="configTest2" time="0.025"/>
</testsuite> <!-- io.github.selcukes.commons.tests.ConfigTest -->
