<?xml version="1.0" encoding="UTF-8"?>
<!-- Generated by org.testng.reporters.JUnitReportReporter -->
<testsuite hostname="fv-az985-199" failures="0" tests="4" name="io.github.selcukes.collections.tests.ReflectionTest" time="0.002" errors="0" timestamp="2024-01-24T15:51:03 UTC" skipped="0">
  <testcase classname="io.github.selcukes.collections.tests.ReflectionTest" name="testInvokeStaticMethod" time="0.001"/>
  <testcase classname="io.github.selcukes.collections.tests.ReflectionTest" name="testSetField" time="0.000"/>
  <testcase classname="io.github.selcukes.collections.tests.ReflectionTest" name="testNewInstance" time="0.000"/>
  <testcase classname="io.github.selcukes.collections.tests.ReflectionTest" name="testInvokeMethod" time="0.001"/>
</testsuite> <!-- io.github.selcukes.collections.tests.ReflectionTest -->
