<?xml version="1.0" encoding="UTF-8"?>
<!-- Generated by org.testng.reporters.JUnitReportReporter -->
<testsuite hostname="fv-az985-199" failures="0" tests="13" name="io.github.selcukes.collections.tests.ClocksTest" time="0.098" errors="0" timestamp="2024-01-24T15:51:03 UTC" skipped="0">
  <testcase classname="io.github.selcukes.collections.tests.ClocksTest" name="testDate" time="0.000"/>
  <testcase classname="io.github.selcukes.collections.tests.ClocksTest" name="testPrevious" time="0.000"/>
  <testcase classname="io.github.selcukes.collections.tests.ClocksTest" name="testNowDateTimeWithTimezone" time="0.000"/>
  <testcase classname="io.github.selcukes.collections.tests.ClocksTest" name="testDateTimeOfZonedDateTime" time="0.088"/>
  <testcase classname="io.github.selcukes.collections.tests.ClocksTest" name="testDateTime" time="0.001"/>
  <testcase classname="io.github.selcukes.collections.tests.ClocksTest" name="testAdjustment" time="0.002"/>
  <testcase classname="io.github.selcukes.collections.tests.ClocksTest" name="testDateOf" time="0.002"/>
  <testcase classname="io.github.selcukes.collections.tests.ClocksTest" name="testDateTimeOfLocalDateTime" time="0.001"/>
  <testcase classname="io.github.selcukes.collections.tests.ClocksTest" name="testNext" time="0.002"/>
  <testcase classname="io.github.selcukes.collections.tests.ClocksTest" name="testNowDateTime" time="0.000"/>
  <testcase classname="io.github.selcukes.collections.tests.ClocksTest" name="testWeekend" time="0.000"/>
  <testcase classname="io.github.selcukes.collections.tests.ClocksTest" name="testDifference" time="0.001"/>
  <testcase classname="io.github.selcukes.collections.tests.ClocksTest" name="testDateTimeWithTimezone" time="0.001"/>
</testsuite> <!-- io.github.selcukes.collections.tests.ClocksTest -->
