<?xml version="1.0" encoding="UTF-8"?>
<!-- Generated by org.testng.reporters.JUnitReportReporter -->
<testsuite hostname="fv-az985-199" failures="0" tests="24" name="io.github.selcukes.collections.tests.DataTableTest" time="0.024" errors="0" timestamp="2024-01-24T15:51:03 UTC" skipped="0">
  <testcase classname="io.github.selcukes.collections.tests.DataTableTest" name="testAggregateByColumn" time="0.001"/>
  <testcase classname="io.github.selcukes.collections.tests.DataTableTest" name="testDistinctByColumn" time="0.001"/>
  <testcase classname="io.github.selcukes.collections.tests.DataTableTest" name="testAggregateByColumn" time="0.001"/>
  <testcase classname="io.github.selcukes.collections.tests.DataTableTest" name="testAddColumn" time="0.001"/>
  <testcase classname="io.github.selcukes.collections.tests.DataTableTest" name="testAggregateByColumn" time="0.000"/>
  <testcase classname="io.github.selcukes.collections.tests.DataTableTest" name="testAddRows" time="0.001"/>
  <testcase classname="io.github.selcukes.collections.tests.DataTableTest" name="testAggregateByColumn" time="0.003"/>
  <testcase classname="io.github.selcukes.collections.tests.DataTableTest" name="testJoinSum" time="0.001"/>
  <testcase classname="io.github.selcukes.collections.tests.DataTableTest" name="testFindingFirstAndLast" time="0.002"/>
  <testcase classname="io.github.selcukes.collections.tests.DataTableTest" name="testAggregateByColumn" time="0.001"/>
  <testcase classname="io.github.selcukes.collections.tests.DataTableTest" name="testGetCellValues" time="0.001"/>
  <testcase classname="io.github.selcukes.collections.tests.DataTableTest" name="testSelectMultipleColumns" time="0.001"/>
  <testcase classname="io.github.selcukes.collections.tests.DataTableTest" name="testSelectRows" time="0.002"/>
  <testcase classname="io.github.selcukes.collections.tests.DataTableTest" name="testGetColumnValues" time="0.001"/>
  <testcase classname="io.github.selcukes.collections.tests.DataTableTest" name="testUpdateCell" time="0.000"/>
  <testcase classname="io.github.selcukes.collections.tests.DataTableTest" name="testAddRow" time="0.000"/>
  <testcase classname="io.github.selcukes.collections.tests.DataTableTest" name="testGetRows" time="0.000"/>
  <testcase classname="io.github.selcukes.collections.tests.DataTableTest" name="testPrettyTable" time="0.000"/>
  <testcase classname="io.github.selcukes.collections.tests.DataTableTest" name="testUpdateRows" time="0.002"/>
  <testcase classname="io.github.selcukes.collections.tests.DataTableTest" name="testGetColumns" time="0.000"/>
  <testcase classname="io.github.selcukes.collections.tests.DataTableTest" name="testSortByColumn" time="0.001"/>
  <testcase classname="io.github.selcukes.collections.tests.DataTableTest" name="testGroupByColumn" time="0.001"/>
  <testcase classname="io.github.selcukes.collections.tests.DataTableTest" name="testJoin" time="0.002"/>
  <testcase classname="io.github.selcukes.collections.tests.DataTableTest" name="testRemoveRow" time="0.001"/>
</testsuite> <!-- io.github.selcukes.collections.tests.DataTableTest -->
