<?xml version="1.0" encoding="UTF-8"?>
<!-- Generated by org.testng.reporters.JUnitReportReporter -->
<testsuite hostname="fv-az985-199" failures="0" tests="2" name="io.github.selcukes.core.tests.web.ClassicGridTest" time="3.408" errors="0" timestamp="2024-01-24T15:51:55 UTC" skipped="0">
  <testcase classname="io.github.selcukes.core.tests.web.ClassicGridTest" name="parallelBrowserTest" time="1.724"/>
  <testcase classname="io.github.selcukes.core.tests.web.ClassicGridTest" name="parallelBrowserTest" time="1.684"/>
</testsuite> <!-- io.github.selcukes.core.tests.web.ClassicGridTest -->
