<?xml version="1.0" encoding="UTF-8"?>
<!-- Generated by org.testng.reporters.JUnitReportReporter -->
<testsuite hostname="fv-az985-199" failures="0" tests="4" name="io.github.selcukes.excel.TestRunner" time="0.200" errors="0" timestamp="2024-01-24T15:52:40 UTC" skipped="0">
  <testcase classname="io.github.selcukes.excel.TestRunner" name="runSerialScenario" time="0.008"/>
  <testcase classname="io.github.selcukes.excel.TestRunner" name="runSerialScenario" time="0.116"/>
  <testcase classname="io.github.selcukes.excel.TestRunner" name="runSerialScenario" time="0.066"/>
  <testcase classname="io.github.selcukes.excel.TestRunner" name="runSerialScenario" time="0.010"/>
</testsuite> <!-- io.github.selcukes.excel.TestRunner -->
