<?xml version="1.0" encoding="UTF-8"?>
<!-- Generated by org.testng.reporters.JUnitReportReporter -->
<testsuite hostname="fv-az985-199" failures="0" tests="4" name="io.github.selcukes.commons.tests.LogRecordTest" time="0.081" errors="0" timestamp="2024-01-24T15:51:15 UTC" skipped="0">
  <testcase classname="io.github.selcukes.commons.tests.LogRecordTest" name="exceptionTest" time="0.003"/>
  <testcase classname="io.github.selcukes.commons.tests.LogRecordTest" name="testLogRecords" time="0.029"/>
  <testcase classname="io.github.selcukes.commons.tests.LogRecordTest" name="testLogRecords" time="0.031"/>
  <testcase classname="io.github.selcukes.commons.tests.LogRecordTest" name="testLogRecords" time="0.018"/>
</testsuite> <!-- io.github.selcukes.commons.tests.LogRecordTest -->
