<?xml version="1.0" encoding="UTF-8"?>
<!-- Generated by org.testng.reporters.JUnitReportReporter -->
<testsuite hostname="fv-az985-199" failures="0" tests="6" name="io.github.selcukes.collections.tests.StringHelperTest" time="0.009" errors="0" timestamp="2024-01-24T15:51:03 UTC" skipped="0">
  <testcase classname="io.github.selcukes.collections.tests.StringHelperTest" name="stringCaseTest" time="0.003"/>
  <testcase classname="io.github.selcukes.collections.tests.StringHelperTest" name="keywordTest" time="0.001"/>
  <testcase classname="io.github.selcukes.collections.tests.StringHelperTest" name="fieldNameTest" time="0.001"/>
  <testcase classname="io.github.selcukes.collections.tests.StringHelperTest" name="interpolateTest" time="0.001"/>
  <testcase classname="io.github.selcukes.collections.tests.StringHelperTest" name="normalizeTextTest" time="0.000"/>
  <testcase classname="io.github.selcukes.collections.tests.StringHelperTest" name="listOfListTest" time="0.003"/>
</testsuite> <!-- io.github.selcukes.collections.tests.StringHelperTest -->
