<?xml version="1.0" encoding="UTF-8"?>
<!-- Generated by org.testng.reporters.JUnitReportReporter -->
<testsuite hostname="fv-az985-199" failures="0" tests="4" name="io.github.selcukes.collections.tests.DataComparatorTest" time="0.030" errors="0" timestamp="2024-01-24T15:51:03 UTC" skipped="0">
  <testcase classname="io.github.selcukes.collections.tests.DataComparatorTest" name="testCheckRowData" time="0.004"/>
  <testcase classname="io.github.selcukes.collections.tests.DataComparatorTest" name="testCheckColumnData" time="0.015"/>
  <testcase classname="io.github.selcukes.collections.tests.DataComparatorTest" name="testWithCustomValueComparator" time="0.005"/>
  <testcase classname="io.github.selcukes.collections.tests.DataComparatorTest" name="testCheckTableData" time="0.006"/>
</testsuite> <!-- io.github.selcukes.collections.tests.DataComparatorTest -->
