<?xml version="1.0" encoding="UTF-8"?>
<!-- Generated by org.testng.reporters.JUnitReportReporter -->
<testsuite hostname="fv-az985-199" failures="0" tests="3" name="io.github.selcukes.databind.tests.ExcelMapperTest" time="0.693" errors="0" timestamp="2024-01-24T15:51:06 UTC" skipped="0">
  <testcase classname="io.github.selcukes.databind.tests.ExcelMapperTest" name="interpolateExcelMapperTest" time="0.103"/>
  <testcase classname="io.github.selcukes.databind.tests.ExcelMapperTest" name="excelMapperTest" time="0.589"/>
  <testcase classname="io.github.selcukes.databind.tests.ExcelMapperTest" name="excelMapperNegativeTest" time="0.001"/>
</testsuite> <!-- io.github.selcukes.databind.tests.ExcelMapperTest -->
