<?xml version="1.0" encoding="UTF-8"?>
<!-- Generated by org.testng.reporters.JUnitReportReporter -->
<testsuite hostname="fv-az985-199" failures="0" tests="7" name="io.github.selcukes.commons.tests.WebClientTest" time="1.186" errors="0" timestamp="2024-01-24T15:51:15 UTC" skipped="3">
  <testcase classname="io.github.selcukes.commons.tests.WebClientTest" name="authTest" time="0.337"/>
  <testcase classname="io.github.selcukes.commons.tests.WebClientTest" name="queryParamTest" time="0.154"/>
  <testcase classname="io.github.selcukes.commons.tests.WebClientTest" name="requestTest" time="0.303"/>
  <testcase classname="io.github.selcukes.commons.tests.WebClientTest" name="cookieTest" time="0.392"/>
  <testcase classname="io.github.selcukes.commons.tests.WebClientTest" name="uploadFileTest">
    <skipped/>
  </testcase> <!-- uploadFileTest -->
  <testcase classname="io.github.selcukes.commons.tests.WebClientTest" name="postTest">
    <skipped/>
  </testcase> <!-- postTest -->
  <testcase classname="io.github.selcukes.commons.tests.WebClientTest" name="bearerAuthTest">
    <skipped/>
  </testcase> <!-- bearerAuthTest -->
</testsuite> <!-- io.github.selcukes.commons.tests.WebClientTest -->
