<?xml version="1.0" encoding="UTF-8"?>
<!-- Generated by org.testng.reporters.JUnitReportReporter -->
<testsuite hostname="fv-az985-199" failures="0" tests="2" name="io.github.selcukes.commons.tests.EncryptionTest" time="0.231" errors="0" timestamp="2024-01-24T15:51:15 UTC" skipped="0">
  <testcase classname="io.github.selcukes.commons.tests.EncryptionTest" name="decryptionTest" time="0.102"/>
  <testcase classname="io.github.selcukes.commons.tests.EncryptionTest" name="encryptionTest" time="0.129"/>
</testsuite> <!-- io.github.selcukes.commons.tests.EncryptionTest -->
