<?xml version="1.0" encoding="UTF-8"?>
<!-- Generated by org.testng.reporters.JUnitReportReporter -->
<testsuite hostname="fv-az985-199" failures="0" tests="2" name="io.github.selcukes.databind.tests.XmlTest" time="0.077" errors="0" timestamp="2024-01-24T15:51:06 UTC" skipped="0">
  <testcase classname="io.github.selcukes.databind.tests.XmlTest" name="updateXmlTest" time="0.073"/>
  <testcase classname="io.github.selcukes.databind.tests.XmlTest" name="xmlTest" time="0.004"/>
</testsuite> <!-- io.github.selcukes.databind.tests.XmlTest -->
