<?xml version="1.0" encoding="UTF-8"?>
<!-- Generated by org.testng.reporters.JUnitReportReporter -->
<testsuite hostname="fv-az985-199" failures="0" tests="3" name="io.github.selcukes.core.tests.DriverManagerTest" time="10.346" errors="0" timestamp="2024-01-24T15:51:55 UTC" skipped="2">
  <testcase classname="io.github.selcukes.core.tests.DriverManagerTest" name="testCustomOptions" time="10.346"/>
  <testcase classname="io.github.selcukes.core.tests.DriverManagerTest" name="devicePoolWithTwoSameOptionsTest">
    <skipped/>
  </testcase> <!-- devicePoolWithTwoSameOptionsTest -->
  <testcase classname="io.github.selcukes.core.tests.DriverManagerTest" name="devicePoolWithTwoDifferentOptionsTest">
    <skipped/>
  </testcase> <!-- devicePoolWithTwoDifferentOptionsTest -->
</testsuite> <!-- io.github.selcukes.core.tests.DriverManagerTest -->
