<?xml version="1.0" encoding="UTF-8"?>
<!-- Generated by org.testng.reporters.JUnitReportReporter -->
<testsuite hostname="fv-az985-199" failures="0" tests="2" name="io.github.selcukes.databind.tests.ReadDataFileTest" time="0.003" errors="0" timestamp="2024-01-24T15:51:06 UTC" skipped="0">
  <testcase classname="io.github.selcukes.databind.tests.ReadDataFileTest" name="jsonTest" time="0.000"/>
  <testcase classname="io.github.selcukes.databind.tests.ReadDataFileTest" name="jsonTest" time="0.003"/>
</testsuite> <!-- io.github.selcukes.databind.tests.ReadDataFileTest -->
