<?xml version="1.0" encoding="UTF-8"?>
<!-- Generated by org.testng.reporters.JUnitReportReporter -->
<testsuite hostname="fv-az985-199" failures="0" tests="12" name="io.github.selcukes.collections.tests.DecimalNumberTest" time="0.006" errors="0" timestamp="2024-01-24T15:51:03 UTC" skipped="0">
  <testcase classname="io.github.selcukes.collections.tests.DecimalNumberTest" name="testSetRoundingMode" time="0.000"/>
  <testcase classname="io.github.selcukes.collections.tests.DecimalNumberTest" name="testParseDoubleWithNullInput" time="0.000"/>
  <testcase classname="io.github.selcukes.collections.tests.DecimalNumberTest" name="testParseBigDecimal" time="0.001"/>
  <testcase classname="io.github.selcukes.collections.tests.DecimalNumberTest" name="testFormat" time="0.000"/>
  <testcase classname="io.github.selcukes.collections.tests.DecimalNumberTest" name="testParseDoubleWithInvalidInput" time="0.000"/>
  <testcase classname="io.github.selcukes.collections.tests.DecimalNumberTest" name="testParseDoubleWithEmptyInput" time="0.000"/>
  <testcase classname="io.github.selcukes.collections.tests.DecimalNumberTest" name="testSetLocale" time="0.002"/>
  <testcase classname="io.github.selcukes.collections.tests.DecimalNumberTest" name="testParseDouble" time="0.000"/>
  <testcase classname="io.github.selcukes.collections.tests.DecimalNumberTest" name="testParseBigDecimalWithNullInput" time="0.001"/>
  <testcase classname="io.github.selcukes.collections.tests.DecimalNumberTest" name="testParseBigDecimalWithInvalidInput" time="0.001"/>
  <testcase classname="io.github.selcukes.collections.tests.DecimalNumberTest" name="testParseBigDecimalWithEmptyInput" time="0.001"/>
  <testcase classname="io.github.selcukes.collections.tests.DecimalNumberTest" name="testFormatWithDouble" time="0.000"/>
</testsuite> <!-- io.github.selcukes.collections.tests.DecimalNumberTest -->
