<?xml version="1.0" encoding="UTF-8"?>
<!-- Generated by org.testng.reporters.JUnitReportReporter -->
<testsuite hostname="fv-az985-199" failures="0" tests="2" name="io.github.selcukes.commons.tests.DataBaseConfigTest" time="0.002" errors="0" timestamp="2024-01-24T15:51:15 UTC" skipped="0">
  <testcase classname="io.github.selcukes.commons.tests.DataBaseConfigTest" name="dbConfigTest" time="0.001"/>
  <testcase classname="io.github.selcukes.commons.tests.DataBaseConfigTest" name="customConnectionUrlTest" time="0.001"/>
</testsuite> <!-- io.github.selcukes.commons.tests.DataBaseConfigTest -->
