<?xml version="1.0" encoding="UTF-8"?>
<!-- Generated by org.testng.reporters.JUnitReportReporter -->
<testsuite hostname="fv-az985-199" failures="0" tests="40" name="io.github.selcukes.commons.tests.SingletonContextTest" time="0.172" errors="0" timestamp="2024-01-24T15:51:15 UTC" skipped="0">
  <testcase classname="io.github.selcukes.commons.tests.SingletonContextTest" name="testRemovesInstanceForCurrentThread" time="0.007"/>
  <testcase classname="io.github.selcukes.commons.tests.SingletonContextTest" name="testRemovesInstanceForCurrentThread" time="0.004"/>
  <testcase classname="io.github.selcukes.commons.tests.SingletonContextTest" name="testReturnsSameInstanceForSameThread" time="0.009"/>
  <testcase classname="io.github.selcukes.commons.tests.SingletonContextTest" name="testReturnsSameInstanceForSameThread" time="0.008"/>
  <testcase classname="io.github.selcukes.commons.tests.SingletonContextTest" name="testRemovesAllInstancesForCurrentThread" time="0.002"/>
  <testcase classname="io.github.selcukes.commons.tests.SingletonContextTest" name="testReturnsDifferentInstancesForDifferentThreads" time="0.009"/>
  <testcase classname="io.github.selcukes.commons.tests.SingletonContextTest" name="testReturnsSameInstanceForSameThread" time="0.000"/>
  <testcase classname="io.github.selcukes.commons.tests.SingletonContextTest" name="testRemovesAllInstancesForCurrentThread" time="0.002"/>
  <testcase classname="io.github.selcukes.commons.tests.SingletonContextTest" name="testReturnsSameInstanceForSameThread" time="0.000"/>
  <testcase classname="io.github.selcukes.commons.tests.SingletonContextTest" name="testRemovesInstanceForCurrentThread" time="0.000"/>
  <testcase classname="io.github.selcukes.commons.tests.SingletonContextTest" name="testReturnsDifferentInstancesForDifferentThreads" time="0.007"/>
  <testcase classname="io.github.selcukes.commons.tests.SingletonContextTest" name="testReturnsDifferentInstancesForDifferentThreads" time="0.004"/>
  <testcase classname="io.github.selcukes.commons.tests.SingletonContextTest" name="testReturnsDifferentInstancesForDifferentThreads" time="0.005"/>
  <testcase classname="io.github.selcukes.commons.tests.SingletonContextTest" name="testRemovesAllInstancesForCurrentThread" time="0.006"/>
  <testcase classname="io.github.selcukes.commons.tests.SingletonContextTest" name="testRemovesInstanceForCurrentThread" time="0.002"/>
  <testcase classname="io.github.selcukes.commons.tests.SingletonContextTest" name="testReturnsSameInstanceForSameThread" time="0.010"/>
  <testcase classname="io.github.selcukes.commons.tests.SingletonContextTest" name="testRemovesInstanceForCurrentThread" time="0.002"/>
  <testcase classname="io.github.selcukes.commons.tests.SingletonContextTest" name="testRemovesAllInstancesForCurrentThread" time="0.003"/>
  <testcase classname="io.github.selcukes.commons.tests.SingletonContextTest" name="testRemovesInstanceForCurrentThread" time="0.001"/>
  <testcase classname="io.github.selcukes.commons.tests.SingletonContextTest" name="testReturnsSameInstanceForSameThread" time="0.001"/>
  <testcase classname="io.github.selcukes.commons.tests.SingletonContextTest" name="testRemovesAllInstancesForCurrentThread" time="0.000"/>
  <testcase classname="io.github.selcukes.commons.tests.SingletonContextTest" name="testReturnsDifferentInstancesForDifferentThreads" time="0.005"/>
  <testcase classname="io.github.selcukes.commons.tests.SingletonContextTest" name="testReturnsDifferentInstancesForDifferentThreads" time="0.011"/>
  <testcase classname="io.github.selcukes.commons.tests.SingletonContextTest" name="testReturnsDifferentInstancesForDifferentThreads" time="0.013"/>
  <testcase classname="io.github.selcukes.commons.tests.SingletonContextTest" name="testRemovesAllInstancesForCurrentThread" time="0.006"/>
  <testcase classname="io.github.selcukes.commons.tests.SingletonContextTest" name="testRemovesInstanceForCurrentThread" time="0.006"/>
  <testcase classname="io.github.selcukes.commons.tests.SingletonContextTest" name="testReturnsSameInstanceForSameThread" time="0.008"/>
  <testcase classname="io.github.selcukes.commons.tests.SingletonContextTest" name="testReturnsSameInstanceForSameThread" time="0.001"/>
  <testcase classname="io.github.selcukes.commons.tests.SingletonContextTest" name="testRemovesAllInstancesForCurrentThread" time="0.005"/>
  <testcase classname="io.github.selcukes.commons.tests.SingletonContextTest" name="testRemovesInstanceForCurrentThread" time="0.002"/>
  <testcase classname="io.github.selcukes.commons.tests.SingletonContextTest" name="testReturnsDifferentInstancesForDifferentThreads" time="0.006"/>
  <testcase classname="io.github.selcukes.commons.tests.SingletonContextTest" name="testRemovesInstanceForCurrentThread" time="0.000"/>
  <testcase classname="io.github.selcukes.commons.tests.SingletonContextTest" name="testReturnsDifferentInstancesForDifferentThreads" time="0.009"/>
  <testcase classname="io.github.selcukes.commons.tests.SingletonContextTest" name="testReturnsSameInstanceForSameThread" time="0.004"/>
  <testcase classname="io.github.selcukes.commons.tests.SingletonContextTest" name="testReturnsDifferentInstancesForDifferentThreads" time="0.005"/>
  <testcase classname="io.github.selcukes.commons.tests.SingletonContextTest" name="testRemovesAllInstancesForCurrentThread" time="0.000"/>
  <testcase classname="io.github.selcukes.commons.tests.SingletonContextTest" name="testRemovesAllInstancesForCurrentThread" time="0.002"/>
  <testcase classname="io.github.selcukes.commons.tests.SingletonContextTest" name="testRemovesInstanceForCurrentThread" time="0.007"/>
  <testcase classname="io.github.selcukes.commons.tests.SingletonContextTest" name="testRemovesAllInstancesForCurrentThread" time="0.000"/>
  <testcase classname="io.github.selcukes.commons.tests.SingletonContextTest" name="testReturnsSameInstanceForSameThread" time="0.000"/>
</testsuite> <!-- io.github.selcukes.commons.tests.SingletonContextTest -->
