<?xml version="1.0" encoding="UTF-8"?>
<!-- Generated by org.testng.reporters.JUnitReportReporter -->
<testsuite hostname="fv-az985-199" failures="0" tests="1" name="io.github.selcukes.commons.tests.helper.PreconditionsTest" time="0.001" errors="0" timestamp="2024-01-24T15:51:15 UTC" skipped="0">
  <testcase classname="io.github.selcukes.commons.tests.helper.PreconditionsTest" name="checkArgAndThrowsException" time="0.001"/>
</testsuite> <!-- io.github.selcukes.commons.tests.helper.PreconditionsTest -->
