<?xml version="1.0" encoding="UTF-8"?>
<!-- Generated by org.testng.reporters.JUnitReportReporter -->
<testsuite hostname="fv-az985-199" failures="0" tests="6" name="io.github.selcukes.reports.tests.TestRunner" time="12.256" errors="0" timestamp="2024-01-24T15:52:36 UTC" skipped="0">
  <testcase classname="io.github.selcukes.reports.tests.TestRunner" name="runSerialScenario" time="2.170"/>
  <testcase classname="io.github.selcukes.reports.tests.TestRunner" name="runSerialScenario" time="2.023"/>
  <testcase classname="io.github.selcukes.reports.tests.TestRunner" name="runSerialScenario" time="2.016"/>
  <testcase classname="io.github.selcukes.reports.tests.TestRunner" name="runSerialScenario" time="2.014"/>
  <testcase classname="io.github.selcukes.reports.tests.TestRunner" name="runSerialScenario" time="2.019"/>
  <testcase classname="io.github.selcukes.reports.tests.TestRunner" name="runSerialScenario" time="2.014"/>
</testsuite> <!-- io.github.selcukes.reports.tests.TestRunner -->
