<?xml version="1.0" encoding="UTF-8"?>
<!-- Generated by org.testng.reporters.JUnitReportReporter -->
<testsuite hostname="fv-az985-199" failures="0" tests="3" name="io.github.selcukes.commons.tests.RunCommandTest" time="0.001" errors="0" timestamp="2024-01-24T15:51:15 UTC" skipped="1">
  <testcase classname="io.github.selcukes.commons.tests.RunCommandTest" name="testRunCommand" time="0.000"/>
  <testcase classname="io.github.selcukes.commons.tests.RunCommandTest" name="testRunCommandAsync" time="0.001"/>
  <testcase classname="io.github.selcukes.commons.tests.RunCommandTest" name="runCommandTest">
    <skipped/>
  </testcase> <!-- runCommandTest -->
</testsuite> <!-- io.github.selcukes.commons.tests.RunCommandTest -->
