<?xml version="1.0" encoding="UTF-8"?>
<!-- Generated by org.testng.reporters.JUnitReportReporter -->
<testsuite hostname="fv-az985-199" failures="0" tests="4" name="io.github.selcukes.commons.tests.helper.CollectionUtilsTest" time="0.013" errors="0" timestamp="2024-01-24T15:51:15 UTC" skipped="0">
  <testcase classname="io.github.selcukes.commons.tests.helper.CollectionUtilsTest" name="integerListMapTest" time="0.004"/>
  <testcase classname="io.github.selcukes.commons.tests.helper.CollectionUtilsTest" name="mapTest" time="0.001"/>
  <testcase classname="io.github.selcukes.commons.tests.helper.CollectionUtilsTest" name="enumTest" time="0.007"/>
  <testcase classname="io.github.selcukes.commons.tests.helper.CollectionUtilsTest" name="trimTest" time="0.001"/>
</testsuite> <!-- io.github.selcukes.commons.tests.helper.CollectionUtilsTest -->
