<?xml version="1.0" encoding="UTF-8"?>
<!-- Generated by org.testng.reporters.JUnitReportReporter -->
<testsuite hostname="fv-az985-199" failures="0" tests="4" name="io.github.selcukes.commons.tests.PropertiesTest" time="0.032" errors="0" timestamp="2024-01-24T15:51:15 UTC" skipped="0">
  <testcase classname="io.github.selcukes.commons.tests.PropertiesTest" name="linkedPropertiesTest" time="0.000"/>
  <testcase classname="io.github.selcukes.commons.tests.PropertiesTest" name="updatePropertyFileTest" time="0.003"/>
  <testcase classname="io.github.selcukes.commons.tests.PropertiesTest" name="createPropertyFileTest" time="0.007"/>
  <testcase classname="io.github.selcukes.commons.tests.PropertiesTest" name="selcukesTestPropsTest" time="0.022"/>
</testsuite> <!-- io.github.selcukes.commons.tests.PropertiesTest -->
