<?xml version="1.0" encoding="UTF-8"?>
<!-- Generated by org.testng.reporters.JUnitReportReporter -->
<testsuite hostname="fv-az985-199" failures="0" tests="2" name="io.github.selcukes.core.tests.unit.ShadowRootTest" time="1.461" errors="0" timestamp="2024-01-24T15:51:55 UTC" skipped="0">
  <testcase classname="io.github.selcukes.core.tests.unit.ShadowRootTest" name="shadowElementTest" time="0.461"/>
  <testcase classname="io.github.selcukes.core.tests.unit.ShadowRootTest" name="dragAndDropTest" time="1.000"/>
</testsuite> <!-- io.github.selcukes.core.tests.unit.ShadowRootTest -->
