<?xml version="1.0" encoding="UTF-8"?>
<!-- Generated by org.testng.reporters.JUnitReportReporter -->
<testsuite hostname="fv-az985-199" failures="0" tests="8" name="io.github.selcukes.collections.tests.CollectionsTest" time="0.036" errors="0" timestamp="2024-01-24T15:51:03 UTC" skipped="0">
  <testcase classname="io.github.selcukes.collections.tests.CollectionsTest" name="listIgnoreCaseTest" time="0.006"/>
  <testcase classname="io.github.selcukes.collections.tests.CollectionsTest" name="mapsTest" time="0.001"/>
  <testcase classname="io.github.selcukes.collections.tests.CollectionsTest" name="testFindFirstAndIndex" time="0.003"/>
  <testcase classname="io.github.selcukes.collections.tests.CollectionsTest" name="mapOfListTest" time="0.002"/>
  <testcase classname="io.github.selcukes.collections.tests.CollectionsTest" name="testSortWithNulls" time="0.005"/>
  <testcase classname="io.github.selcukes.collections.tests.CollectionsTest" name="testZipWithMultipleElementLists" time="0.001"/>
  <testcase classname="io.github.selcukes.collections.tests.CollectionsTest" name="toTableTest" time="0.017"/>
  <testcase classname="io.github.selcukes.collections.tests.CollectionsTest" name="testFindFirstAndIndex1" time="0.001"/>
</testsuite> <!-- io.github.selcukes.collections.tests.CollectionsTest -->
