<?xml version="1.0" encoding="UTF-8"?>
<!-- Generated by org.testng.reporters.JUnitReportReporter -->
<testsuite hostname="fv-az985-199" failures="0" tests="4" name="io.github.selcukes.commons.tests.AwaitTest" time="1.254" errors="0" timestamp="2024-01-24T15:51:15 UTC" skipped="0">
  <testcase classname="io.github.selcukes.commons.tests.AwaitTest" name="testUntilConditionNotMet" time="0.253"/>
  <testcase classname="io.github.selcukes.commons.tests.AwaitTest" name="testUntilConditionMet" time="0.001"/>
  <testcase classname="io.github.selcukes.commons.tests.AwaitTest" name="testUntilConditionThrowsException" time="0.000"/>
  <testcase classname="io.github.selcukes.commons.tests.AwaitTest" name="testUntil" time="1.000"/>
</testsuite> <!-- io.github.selcukes.commons.tests.AwaitTest -->
