<?xml version="1.0" encoding="UTF-8"?>
<!-- Generated by org.testng.reporters.JUnitReportReporter -->
<testsuite hostname="fv-az985-199" failures="0" tests="6" name="io.github.selcukes.extent.report.tests.TestRunner" time="30.844" errors="0" timestamp="2024-01-24T15:52:21 UTC" skipped="0">
  <testcase classname="io.github.selcukes.extent.report.tests.TestRunner" name="runParallelScenario" time="5.203"/>
  <testcase classname="io.github.selcukes.extent.report.tests.TestRunner" name="runParallelScenario" time="5.204"/>
  <testcase classname="io.github.selcukes.extent.report.tests.TestRunner" name="runSerialScenario" time="5.015"/>
  <testcase classname="io.github.selcukes.extent.report.tests.TestRunner" name="runSerialScenario" time="5.014"/>
  <testcase classname="io.github.selcukes.extent.report.tests.TestRunner" name="runParallelScenario" time="5.204"/>
  <testcase classname="io.github.selcukes.extent.report.tests.TestRunner" name="runParallelScenario" time="5.204"/>
</testsuite> <!-- io.github.selcukes.extent.report.tests.TestRunner -->
