<?xml version="1.0" encoding="UTF-8"?>
<!-- Generated by org.testng.reporters.JUnitReportReporter -->
<testsuite hostname="fv-az985-199" failures="0" tests="2" name="io.github.selcukes.collections.tests.MathsTest" time="0.004" errors="0" timestamp="2024-01-24T15:51:03 UTC" skipped="0">
  <testcase classname="io.github.selcukes.collections.tests.MathsTest" name="testOfWithValidInputs" time="0.002"/>
  <testcase classname="io.github.selcukes.collections.tests.MathsTest" name="testOfWithInvalidInputs" time="0.002"/>
</testsuite> <!-- io.github.selcukes.collections.tests.MathsTest -->
