<?xml version="1.0" encoding="UTF-8"?>
<!-- Generated by org.testng.reporters.JUnitReportReporter -->
<testsuite hostname="fv-az985-199" failures="0" tests="6" name="io.github.selcukes.commons.tests.LoggerTest" time="0.001" errors="0" timestamp="2024-01-24T15:51:15 UTC" skipped="5">
  <testcase classname="io.github.selcukes.commons.tests.LoggerTest" name="warn" time="0.001"/>
  <testcase classname="io.github.selcukes.commons.tests.LoggerTest" name="info">
    <skipped/>
  </testcase> <!-- info -->
  <testcase classname="io.github.selcukes.commons.tests.LoggerTest" name="debug">
    <skipped/>
  </testcase> <!-- debug -->
  <testcase classname="io.github.selcukes.commons.tests.LoggerTest" name="config">
    <skipped/>
  </testcase> <!-- config -->
  <testcase classname="io.github.selcukes.commons.tests.LoggerTest" name="trace">
    <skipped/>
  </testcase> <!-- trace -->
  <testcase classname="io.github.selcukes.commons.tests.LoggerTest" name="error">
    <skipped/>
  </testcase> <!-- error -->
</testsuite> <!-- io.github.selcukes.commons.tests.LoggerTest -->
