<?xml version="1.0" encoding="UTF-8"?>
<!-- Generated by org.testng.reporters.JUnitReportReporter -->
<testsuite hostname="fv-az985-199" failures="0" tests="5" name="io.github.selcukes.core.tests.unit.ValidationTest" time="0.017" errors="0" timestamp="2024-01-24T15:51:55 UTC" skipped="0">
  <testcase classname="io.github.selcukes.core.tests.unit.ValidationTest" name="testValidation" time="0.002"/>
  <testcase classname="io.github.selcukes.core.tests.unit.ValidationTest" name="testValidation" time="0.004"/>
  <testcase classname="io.github.selcukes.core.tests.unit.ValidationTest" name="testValidation" time="0.004"/>
  <testcase classname="io.github.selcukes.core.tests.unit.ValidationTest" name="testValidation" time="0.002"/>
  <testcase classname="io.github.selcukes.core.tests.unit.ValidationTest" name="testValidation" time="0.005"/>
</testsuite> <!-- io.github.selcukes.core.tests.unit.ValidationTest -->
