<?xml version="1.0" encoding="UTF-8"?>
<!-- Generated by org.testng.reporters.JUnitReportReporter -->
<testsuite hostname="fv-az985-199" failures="0" tests="2" name="io.github.selcukes.snapshot.tests.NativeSnapshotTest" time="3.874" errors="0" timestamp="2024-01-24T15:52:03 UTC" skipped="0">
  <testcase classname="io.github.selcukes.snapshot.tests.NativeSnapshotTest" name="browserTest" time="2.003"/>
  <testcase classname="io.github.selcukes.snapshot.tests.NativeSnapshotTest" name="browserTest" time="1.871"/>
</testsuite> <!-- io.github.selcukes.snapshot.tests.NativeSnapshotTest -->
