<?xml version="1.0" encoding="UTF-8"?>
<!-- Generated by org.testng.reporters.JUnitXMLReporter -->
<testsuite ignored="12" hostname="fv-az985-199" failures="0" tests="16" name="Command line test" time="19.83" errors="0" timestamp="2024-01-24T15:51:55 UTC">
  <testcase classname="io.github.selcukes.core.tests.DriverManagerTest" name="testCustomOptions" time="10.346"/>
  <testcase classname="io.github.selcukes.core.tests.api.ApiTest" name="authTest" time="0.296"/>
  <testcase classname="io.github.selcukes.core.tests.web.CookiesTest" name="cookiesTest" time="1.156"/>
  <testcase classname="io.github.selcukes.core.tests.web.WebTest" name="remoteWebTest" time="0.632"/>
  <testcase classname="io.github.selcukes.core.tests.web.PrintTest" name="testPrint" time="0.964"/>
  <testcase classname="io.github.selcukes.core.tests.web.EventDriverTest" name="eventDriverTest" time="1.129"/>
  <testcase classname="io.github.selcukes.core.tests.web.ClassicGridTest" name="parallelBrowserTest" time="1.684"/>
  <testcase classname="io.github.selcukes.core.tests.web.ClassicGridTest" name="parallelBrowserTest" time="1.724"/>
  <testcase classname="io.github.selcukes.core.tests.web.WebAuthTest" name="testBasicAuth" time="0.315"/>
  <testcase classname="io.github.selcukes.core.tests.unit.ShadowRootTest" name="dragAndDropTest" time="0.741"/>
  <testcase classname="io.github.selcukes.core.tests.unit.ShadowRootTest" name="shadowElementTest" time="0.204"/>
  <testcase classname="io.github.selcukes.core.tests.unit.ValidationTest" name="testValidation" time="0.004"/>
  <testcase classname="io.github.selcukes.core.tests.unit.ValidationTest" name="testValidation" time="0.004"/>
  <testcase classname="io.github.selcukes.core.tests.unit.ValidationTest" name="testValidation" time="0.005"/>
  <testcase classname="io.github.selcukes.core.tests.unit.ValidationTest" name="testValidation" time="0.002"/>
  <testcase classname="io.github.selcukes.core.tests.unit.ValidationTest" name="testValidation" time="0.002"/>
  <testcase classname="io.github.selcukes.core.tests.DriverManagerTest" name="devicePoolWithTwoSameOptionsTest" time="0.0">
    <ignored/>
  </testcase> <!-- devicePoolWithTwoSameOptionsTest -->
  <testcase classname="io.github.selcukes.core.tests.win.NotepadTest" name="notepadTest" time="0.0">
    <ignored/>
  </testcase> <!-- notepadTest -->
  <testcase classname="io.github.selcukes.core.tests.DriverManagerTest" name="devicePoolWithTwoDifferentOptionsTest" time="0.0">
    <ignored/>
  </testcase> <!-- devicePoolWithTwoDifferentOptionsTest -->
  <testcase classname="io.github.selcukes.core.tests.mobile.MobileBrowserTest" name="mobileBrowserTest" time="0.0">
    <ignored/>
  </testcase> <!-- mobileBrowserTest -->
  <testcase classname="io.github.selcukes.core.tests.mobile.MobileAppTest" name="searchTest" time="0.0">
    <ignored/>
  </testcase> <!-- searchTest -->
  <testcase classname="io.github.selcukes.core.tests.web.WebAuthTest" name="testVirtualAuth" time="0.0">
    <ignored/>
  </testcase> <!-- testVirtualAuth -->
  <testcase classname="io.github.selcukes.core.tests.mobile.AndroidCalculatorTest" name="calculator" time="0.0">
    <ignored/>
  </testcase> <!-- calculator -->
  <testcase classname="io.github.selcukes.core.tests.mobile.MobileAppTest" name="expandAndScrollElementTest" time="0.0">
    <ignored/>
  </testcase> <!-- expandAndScrollElementTest -->
  <testcase classname="io.github.selcukes.core.tests.mobile.MobileAppTest" name="dragAndDrop" time="0.0">
    <ignored/>
  </testcase> <!-- dragAndDrop -->
  <testcase classname="io.github.selcukes.core.tests.mobile.MobileAppTest" name="expandAndScrollScreenTest" time="0.0">
    <ignored/>
  </testcase> <!-- expandAndScrollScreenTest -->
  <testcase classname="io.github.selcukes.core.tests.win.NotepadTest" name="switchToNotepadTest" time="0.0">
    <ignored/>
  </testcase> <!-- switchToNotepadTest -->
  <testcase classname="io.github.selcukes.core.tests.mobile.MobileAppTest" name="alertTest" time="0.0">
    <ignored/>
  </testcase> <!-- alertTest -->
</testsuite> <!-- Command line test -->
