<?xml version="1.0" encoding="UTF-8" ?>
<testsuite tests="6" failures="0" name="io.github.selcukes.extent.report.tests.TestRunner" time="30.846" errors="0" skipped="0">
  <properties>
[...]
</properties>
  <testcase classname="io.github.selcukes.extent.report.tests.TestRunner" name="runParallelScenario" time="5.204"/>
  <testcase classname="io.github.selcukes.extent.report.tests.TestRunner" name="runParallelScenario" time="5.204"/>
  <testcase classname="io.github.selcukes.extent.report.tests.TestRunner" name="runParallelScenario" time="5.204"/>
  <testcase classname="io.github.selcukes.extent.report.tests.TestRunner" name="runParallelScenario" time="5.204"/>
  <testcase classname="io.github.selcukes.extent.report.tests.TestRunner" name="runSerialScenario" time="5.014"/>
  <testcase classname="io.github.selcukes.extent.report.tests.TestRunner" name="runSerialScenario" time="5.016"/>
</testsuite>